{"C:\\Users\\bobba\\Desktop\\workspace\\187\\187_Project\\virtual-park\\TicketService\\src\\app.ts": {"path":"C:\\Users\\bobba\\Desktop\\workspace\\187\\187_Project\\virtual-park\\TicketService\\src\\app.ts","all":false,"statementMap":{"0":{"start":{"line":1,"column":0},"end":{"line":1,"column":2}},"9":{"start":{"line":10,"column":0},"end":{"line":10,"column":2}},"11":{"start":{"line":12,"column":0},"end":{"line":12,"column":18}},"15":{"start":{"line":16,"column":0},"end":{"line":16,"column":23}},"16":{"start":{"line":17,"column":0},"end":{"line":17,"column":60}},"17":{"start":{"line":18,"column":0},"end":{"line":18,"column":69}},"18":{"start":{"line":19,"column":0},"end":{"line":19,"column":57}},"19":{"start":{"line":20,"column":0},"end":{"line":20,"column":42}},"21":{"start":{"line":22,"column":0},"end":{"line":22,"column":39}},"22":{"start":{"line":23,"column":0},"end":{"line":23,"column":51}},"24":{"start":{"line":25,"column":0},"end":{"line":25,"column":30}},"25":{"start":{"line":26,"column":0},"end":{"line":26,"column":23}},"26":{"start":{"line":27,"column":0},"end":{"line":27,"column":46}},"28":{"start":{"line":29,"column":0},"end":{"line":29,"column":28}},"29":{"start":{"line":30,"column":0},"end":{"line":30,"column":36}},"30":{"start":{"line":31,"column":0},"end":{"line":31,"column":25}},"31":{"start":{"line":32,"column":0},"end":{"line":32,"column":20}},"32":{"start":{"line":33,"column":0},"end":{"line":33,"column":36}},"33":{"start":{"line":34,"column":0},"end":{"line":34,"column":21}},"34":{"start":{"line":35,"column":0},"end":{"line":35,"column":59}},"35":{"start":{"line":36,"column":0},"end":{"line":36,"column":26}},"36":{"start":{"line":37,"column":0},"end":{"line":37,"column":5}},"37":{"start":{"line":38,"column":0},"end":{"line":38,"column":4}},"38":{"start":{"line":39,"column":0},"end":{"line":39,"column":10}},"39":{"start":{"line":40,"column":0},"end":{"line":40,"column":15}},"40":{"start":{"line":41,"column":0},"end":{"line":41,"column":19}},"41":{"start":{"line":42,"column":0},"end":{"line":42,"column":23}},"42":{"start":{"line":43,"column":0},"end":{"line":43,"column":28}},"43":{"start":{"line":44,"column":0},"end":{"line":44,"column":30}},"44":{"start":{"line":45,"column":0},"end":{"line":45,"column":11}},"45":{"start":{"line":46,"column":0},"end":{"line":46,"column":6}},"47":{"start":{"line":48,"column":0},"end":{"line":48,"column":69}},"48":{"start":{"line":49,"column":0},"end":{"line":49,"column":1}}},"s":{"0":1,"9":1,"11":1,"15":1,"16":1,"17":1,"18":1,"19":1,"21":1,"22":1,"24":1,"25":1,"26":1,"28":1,"29":1,"30":1,"31":1,"32":1,"33":1,"34":1,"35":1,"36":1,"37":1,"38":1,"39":1,"40":1,"41":1,"42":1,"43":1,"44":1,"45":1,"47":1,"48":1},"branchMap":{"0":{"type":"branch","line":29,"loc":{"start":{"line":29,"column":0},"end":{"line":49,"column":1}},"locations":[{"start":{"line":29,"column":0},"end":{"line":49,"column":1}}]},"1":{"type":"branch","line":43,"loc":{"start":{"line":43,"column":17},"end":{"line":45,"column":11}},"locations":[{"start":{"line":43,"column":17},"end":{"line":45,"column":11}}]}},"b":{"0":[1],"1":[1]},"fnMap":{"0":{"name":"bootstrap","decl":{"start":{"line":29,"column":0},"end":{"line":49,"column":1}},"loc":{"start":{"line":29,"column":0},"end":{"line":49,"column":1}},"line":29},"1":{"name":"context","decl":{"start":{"line":43,"column":17},"end":{"line":45,"column":11}},"loc":{"start":{"line":43,"column":17},"end":{"line":45,"column":11}},"line":43}},"f":{"0":1,"1":1}}
,"C:\\Users\\bobba\\Desktop\\workspace\\187\\187_Project\\virtual-park\\TicketService\\src\\resolvers.ts": {"path":"C:\\Users\\bobba\\Desktop\\workspace\\187\\187_Project\\virtual-park\\TicketService\\src\\resolvers.ts","all":false,"statementMap":{"0":{"start":{"line":1,"column":0},"end":{"line":1,"column":50}},"2":{"start":{"line":3,"column":0},"end":{"line":3,"column":50}}},"s":{"0":1,"2":1},"branchMap":{},"b":{},"fnMap":{},"f":{}}
,"C:\\Users\\bobba\\Desktop\\workspace\\187\\187_Project\\virtual-park\\TicketService\\src\\auth\\checker.ts": {"path":"C:\\Users\\bobba\\Desktop\\workspace\\187\\187_Project\\virtual-park\\TicketService\\src\\auth\\checker.ts","all":false,"statementMap":{"4":{"start":{"line":5,"column":0},"end":{"line":5,"column":63}},"5":{"start":{"line":6,"column":0},"end":{"line":6,"column":63}},"6":{"start":{"line":7,"column":0},"end":{"line":7,"column":37}},"8":{"start":{"line":9,"column":0},"end":{"line":9,"column":16}},"9":{"start":{"line":10,"column":0},"end":{"line":10,"column":62}},"10":{"start":{"line":11,"column":0},"end":{"line":11,"column":13}},"11":{"start":{"line":12,"column":0},"end":{"line":12,"column":1}}},"s":{"4":1,"5":1,"6":1,"8":1,"9":1,"10":1,"11":1},"branchMap":{"0":{"type":"branch","line":5,"loc":{"start":{"line":5,"column":56},"end":{"line":12,"column":1}},"locations":[{"start":{"line":5,"column":56},"end":{"line":12,"column":1}}]}},"b":{"0":[1]},"fnMap":{"0":{"name":"expressAuthChecker","decl":{"start":{"line":5,"column":56},"end":{"line":12,"column":1}},"loc":{"start":{"line":5,"column":56},"end":{"line":12,"column":1}},"line":5}},"f":{"0":1}}
,"C:\\Users\\bobba\\Desktop\\workspace\\187\\187_Project\\virtual-park\\TicketService\\src\\ticket\\resolver.ts": {"path":"C:\\Users\\bobba\\Desktop\\workspace\\187\\187_Project\\virtual-park\\TicketService\\src\\ticket\\resolver.ts","all":false,"statementMap":{"0":{"start":{"line":1,"column":0},"end":{"line":1,"column":8}},"8":{"start":{"line":9,"column":0},"end":{"line":9,"column":33}},"13":{"start":{"line":14,"column":0},"end":{"line":14,"column":29}},"14":{"start":{"line":15,"column":0},"end":{"line":15,"column":23}},"16":{"start":{"line":17,"column":0},"end":{"line":17,"column":27}},"17":{"start":{"line":18,"column":0},"end":{"line":18,"column":15}},"18":{"start":{"line":19,"column":0},"end":{"line":19,"column":22}},"19":{"start":{"line":20,"column":0},"end":{"line":20,"column":46}},"20":{"start":{"line":21,"column":0},"end":{"line":21,"column":3}},"22":{"start":{"line":23,"column":0},"end":{"line":23,"column":1}}},"s":{"0":1,"8":1,"13":1,"14":1,"16":1,"17":1,"18":1,"19":1,"20":1,"22":1},"branchMap":{"0":{"type":"branch","line":15,"loc":{"start":{"line":15,"column":2},"end":{"line":21,"column":3}},"locations":[{"start":{"line":15,"column":2},"end":{"line":21,"column":3}}]},"1":{"type":"branch","line":17,"loc":{"start":{"line":17,"column":9},"end":{"line":17,"column":27}},"locations":[{"start":{"line":17,"column":9},"end":{"line":17,"column":27}}]}},"b":{"0":[1],"1":[1]},"fnMap":{"0":{"name":"ticket","decl":{"start":{"line":15,"column":2},"end":{"line":21,"column":3}},"loc":{"start":{"line":15,"column":2},"end":{"line":21,"column":3}},"line":15}},"f":{"0":1}}
}
